<?xml version="1.0" encoding="UTF-8"?>
<testsuite name="com.wbl.datestest.UtilsTest" tests="1" skipped="0" failures="0" errors="0" timestamp="2020-06-26T17:02:24" hostname="Kranthis-Air" time="0.017">
  <properties/>
  <testcase name="testGenerateWorkPeriods" classname="com.wbl.datestest.UtilsTest" time="0.017"/>
  <system-out><![CDATA[]]></system-out>
  <system-err><![CDATA[]]></system-err>
</testsuite>
